-------------------------------------------------------------------------------
Test set: TestSuite
-------------------------------------------------------------------------------
Tests run: 2, Failures: 1, Errors: 0, Skipped: 0, Time elapsed: 25.345 s <<< FAILURE! - in TestSuite
MavenTestng.test2  Time elapsed: 0 s  <<< FAILURE!
java.lang.AssertionError: Fail test for maven
	at MavenTestng.test2(MavenTestng.java:17)

